npm error code ERESOLVE
npm error ERESOLVE could not resolve
npm error
npm error While resolving: @tanstack/react-query@4.36.1
npm error Found: react@19.0.0
npm error node_modules/react
npm error   peerOptional react@">=18.3.1 <20.0.0" from @electric-sql/react@1.0.4
npm error   node_modules/@electric-sql/react
npm error     @electric-sql/react@"^1.0.4" from the root project
npm error   peer react@">=16.8.0" from @floating-ui/react-dom@2.1.2
npm error   node_modules/@floating-ui/react-dom
npm error     @floating-ui/react-dom@"^2.0.0" from @radix-ui/react-popper@1.2.6
npm error     node_modules/@radix-ui/react-popover/node_modules/@radix-ui/react-popper
npm error       @radix-ui/react-popper@"1.2.6" from @radix-ui/react-popover@1.1.13
npm error       node_modules/@radix-ui/react-popover
npm error         @radix-ui/react-popover@"^1.1.13" from the root project
npm error     @floating-ui/react-dom@"^2.0.0" from @radix-ui/react-popper@1.2.2
npm error     node_modules/@radix-ui/react-popper
npm error       @radix-ui/react-popper@"1.2.2" from @radix-ui/react-menu@2.1.6
npm error       node_modules/@radix-ui/react-menu
npm error         @radix-ui/react-menu@"2.1.6" from @radix-ui/react-dropdown-menu@2.1.6
npm error         node_modules/@radix-ui/react-dropdown-menu
npm error     1 more (@radix-ui/react-popper)
npm error   133 more (@paypal/react-paypal-js, @radix-ui/react-arrow, ...)
npm error
npm error Could not resolve dependency:
npm error peer react@"^16.8.0 || ^17.0.0 || ^18.0.0" from @tanstack/react-query@4.36.1
npm error node_modules/@tanstack/react-query
npm error   @tanstack/react-query@"^4.36.1" from the root project
npm error
npm error Conflicting peer dependency: react@18.3.1
npm error node_modules/react
npm error   peer react@"^16.8.0 || ^17.0.0 || ^18.0.0" from @tanstack/react-query@4.36.1
npm error   node_modules/@tanstack/react-query
npm error     @tanstack/react-query@"^4.36.1" from the root project
npm error
npm error Fix the upstream dependency conflict, or retry
npm error this command with --force or --legacy-peer-deps
npm error to accept an incorrect (and potentially broken) dependency resolution.
npm error
npm error
npm error For a full report see:
npm error /Users/nishanth/.npm/_logs/2025-06-21T06_11_54_769Z-eresolve-report.txt
npm error A complete log of this run can be found in: /Users/nishanth/.npm/_logs/2025-06-21T06_11_54_769Z-debug-0.log
